<?xml version="1.0" encoding="UTF-8"?>
<!-- Generated by org.testng.reporters.JUnitReportReporter -->
<testsuite hostname="DESKTOP-CNH57O0" failures="0" tests="2" name="MohamedHafdi.Tests.SubmitOrderTest" time="27.713" errors="0" timestamp="2025-05-12T15:31:42 WEST" skipped="0">
  <testcase classname="MohamedHafdi.Tests.SubmitOrderTest" name="orderHistoryTest" time="12.392"/>
  <testcase classname="MohamedHafdi.Tests.SubmitOrderTest" name="submitOrder" time="15.321"/>
</testsuite> <!-- MohamedHafdi.Tests.SubmitOrderTest -->
