<?xml version="1.0" encoding="UTF-8"?>
<!-- Generated by org.testng.reporters.JUnitReportReporter -->
<testsuite hostname="DESKTOP-CNH57O0" failures="0" tests="3" name="MohamedHafdi.Tests.SubmitOrderTest" time="55.488" errors="0" timestamp="2025-05-14T00:10:54 WEST" skipped="0">
  <testcase classname="MohamedHafdi.Tests.SubmitOrderTest" name="CartPage" time="15.164"/>
  <testcase classname="MohamedHafdi.Tests.SubmitOrderTest" name="orderHistoryTest" time="16.029"/>
  <testcase classname="MohamedHafdi.Tests.SubmitOrderTest" name="submitOrder" time="24.295"/>
</testsuite> <!-- MohamedHafdi.Tests.SubmitOrderTest -->
